INFO : [16/Nov/2023 12:13:46 package : core.ping --> position : Ping.get]
INFO : [16/Nov/2023 12:15:50 package : core.ping --> position : Ping.get]
INFO : [16/Nov/2023 12:16:03 package : core.ping --> position : Ping.get]
INFO : [16/Nov/2023 12:17:00 package : core.ping --> position : Ping.get]
INFO : [16/Nov/2023 12:17:02 package : core.ping --> position : Ping.get]
INFO : [16/Nov/2023 12:17:10 package : core.ping --> position : Ping.get]
INFO : [16/Nov/2023 12:18:20 package : core.ping --> position : Ping.get]
INFO : [16/Nov/2023 12:18:23 package : core.ping --> position : Ping.get]
INFO : [16/Nov/2023 12:18:37 package : core.ping --> position : Ping.get]
INFO : [16/Nov/2023 12:18:56 package : core.ping --> position : Ping.get]
INFO : [16/Nov/2023 12:19:28 package : core.ping --> position : Ping.get]
INFO : [16/Nov/2023 12:19:54 package : core.ping --> position : Ping.get]
INFO : [16/Nov/2023 12:21:01 package : core.ping --> position : Ping.get]
INFO : [16/Nov/2023 12:21:04 package : core.ping --> position : Ping.get]
INFO : [16/Nov/2023 12:21:08 package : core.ping --> position : Ping.get]
INFO : [16/Nov/2023 12:22:00 package : core.ping --> position : Ping.get]
INFO : [16/Nov/2023 12:22:02 package : core.ping --> position : Ping.get]
INFO : [16/Nov/2023 12:22:09 package : core.ping --> position : Ping.get]
INFO : [16/Nov/2023 12:22:58 package : core.ping --> position : Ping.get]
INFO : [16/Nov/2023 12:23:53 package : core.ping --> position : Ping.get]
INFO : [16/Nov/2023 12:25:26 package : core.ping --> position : Ping.get]
INFO : [16/Nov/2023 12:25:36 package : core.ping --> position : Ping.get]
INFO : [16/Nov/2023 12:25:41 package : core.ping --> position : Ping.get]
INFO : [16/Nov/2023 12:25:45 package : core.ping --> position : Ping.get]
INFO : [16/Nov/2023 12:25:50 package : core.ping --> position : Ping.get]
INFO : [16/Nov/2023 12:25:54 package : core.ping --> position : Ping.get]
INFO : [16/Nov/2023 12:37:01 package : core.ping --> position : Ping.get]
INFO : [16/Nov/2023 12:37:47 package : micro_storage_service.controller.controller --> position : UploadFileController.post]
ERROR : [16/Nov/2023 12:37:47 package : micro_storage_service.controller.controller --> position : UploadFileController.post --> exception : 1 validation error for UploadAPI
desc
  ensure this value has at least 1 characters (type=value_error.any_str.min_length; limit_value=1)]
INFO : [16/Nov/2023 12:38:42 package : micro_storage_service.controller.controller --> position : UploadFileController.post]
INFO : [16/Nov/2023 12:38:45 package : micro_storage_service.controller.controller --> position : FetchFileController.get]
INFO : [16/Nov/2023 12:39:20 package : core.ping --> position : Ping.get]
INFO : [16/Nov/2023 12:40:38 package : micro_storage_service.controller.controller --> position : UploadFileController.post]
INFO : [16/Nov/2023 12:40:40 package : micro_storage_service.controller.controller --> position : FetchFileController.get]
INFO : [16/Nov/2023 12:41:49 package : core.ping --> position : Ping.get]
INFO : [16/Nov/2023 12:42:02 package : core.ping --> position : Ping.get]
INFO : [16/Nov/2023 12:42:18 package : core.ping --> position : Ping.get]
INFO : [16/Nov/2023 12:43:37 package : micro_storage_service.controller.controller --> position : UploadFileController.post]
INFO : [16/Nov/2023 12:43:39 package : micro_storage_service.controller.controller --> position : FetchFileController.get]
INFO : [16/Nov/2023 12:45:57 package : core.ping --> position : Ping.get]
INFO : [16/Nov/2023 12:46:19 package : core.ping --> position : Ping.get]
INFO : [16/Nov/2023 12:50:06 package : core.ping --> position : Ping.get]
INFO : [16/Nov/2023 12:50:11 package : core.ping --> position : Ping.get]
INFO : [16/Nov/2023 12:50:46 package : core.ping --> position : Ping.get]
INFO : [16/Nov/2023 12:52:15 package : core.ping --> position : Ping.get]
INFO : [16/Nov/2023 12:52:42 package : micro_storage_service.controller.controller --> position : UploadFileController.post]
INFO : [16/Nov/2023 12:52:44 package : micro_storage_service.controller.controller --> position : FetchFileController.get]
INFO : [16/Nov/2023 12:53:38 package : core.ping --> position : Ping.get]
INFO : [16/Nov/2023 12:54:30 package : micro_storage_service.controller.controller --> position : UploadFileController.post]
INFO : [16/Nov/2023 12:54:32 package : micro_storage_service.controller.controller --> position : FetchFileController.get]
INFO : [16/Nov/2023 13:04:36 package : core.ping --> position : Ping.get]
INFO : [16/Nov/2023 13:05:13 package : core.ping --> position : Ping.get]
INFO : [16/Nov/2023 13:05:52 package : core.ping --> position : Ping.get]
INFO : [16/Nov/2023 13:06:18 package : micro_storage_service.controller.controller --> position : UploadFileController.post]
INFO : [16/Nov/2023 13:06:22 package : micro_storage_service.controller.controller --> position : FetchFileController.get]
INFO : [16/Nov/2023 13:09:34 package : core.ping --> position : Ping.get]
INFO : [16/Nov/2023 13:09:38 package : core.ping --> position : Ping.get]
INFO : [16/Nov/2023 13:09:41 package : core.ping --> position : Ping.get]
INFO : [16/Nov/2023 13:10:11 package : micro_storage_service.controller.controller --> position : UploadFileController.post]
INFO : [16/Nov/2023 13:10:13 package : micro_storage_service.controller.controller --> position : FetchFileController.get]
INFO : [16/Nov/2023 13:10:45 package : core.ping --> position : Ping.get]
INFO : [16/Nov/2023 13:11:59 package : core.ping --> position : Ping.get]
INFO : [16/Nov/2023 13:12:28 package : micro_storage_service.controller.controller --> position : UploadFileController.post]
INFO : [16/Nov/2023 13:12:30 package : micro_storage_service.controller.controller --> position : FetchFileController.get]
INFO : [16/Nov/2023 13:14:14 package : core.ping --> position : Ping.get]
INFO : [16/Nov/2023 13:15:58 package : core.ping --> position : Ping.get]
INFO : [16/Nov/2023 13:18:45 package : core.ping --> position : Ping.get]
INFO : [16/Nov/2023 13:19:20 package : core.ping --> position : Ping.get]
INFO : [16/Nov/2023 13:21:36 package : core.ping --> position : Ping.get]
INFO : [16/Nov/2023 13:22:02 package : core.ping --> position : Ping.get]
INFO : [16/Nov/2023 13:41:38 package : core.ping --> position : Ping.get]
INFO : [16/Nov/2023 13:42:58 package : core.ping --> position : Ping.get]
INFO : [16/Nov/2023 13:43:26 package : core.ping --> position : Ping.get]
INFO : [16/Nov/2023 13:43:43 package : core.ping --> position : Ping.get]
INFO : [16/Nov/2023 13:44:13 package : core.ping --> position : Ping.get]
INFO : [16/Nov/2023 13:44:31 package : core.ping --> position : Ping.get]
INFO : [16/Nov/2023 13:47:19 package : core.ping --> position : Ping.get]
INFO : [16/Nov/2023 13:49:59 package : core.ping --> position : Ping.get]
INFO : [16/Nov/2023 13:50:10 package : core.ping --> position : Ping.get]
INFO : [16/Nov/2023 13:50:24 package : core.ping --> position : Ping.get]
INFO : [16/Nov/2023 13:51:49 package : core.ping --> position : Ping.get]
INFO : [16/Nov/2023 13:54:53 package : core.ping --> position : Ping.get]
INFO : [16/Nov/2023 14:00:50 package : core.ping --> position : Ping.get]
INFO : [16/Nov/2023 14:01:02 package : core.ping --> position : Ping.get]
INFO : [16/Nov/2023 14:05:26 package : core.ping --> position : Ping.get]
INFO : [16/Nov/2023 14:11:40 package : core.ping --> position : Ping.get]
INFO : [16/Nov/2023 14:18:30 package : core.ping --> position : Ping.get]
INFO : [16/Nov/2023 14:18:51 package : core.ping --> position : Ping.get]
INFO : [16/Nov/2023 14:20:53 package : core.ping --> position : Ping.get]
INFO : [16/Nov/2023 14:21:30 package : core.ping --> position : Ping.get]
INFO : [16/Nov/2023 14:30:25 package : core.ping --> position : Ping.get]
INFO : [16/Nov/2023 14:30:26 package : core.ping --> position : Ping.get]
INFO : [16/Nov/2023 14:36:16 package : core.ping --> position : Ping.get]
INFO : [16/Nov/2023 14:36:21 package : core.ping --> position : Ping.get]
INFO : [16/Nov/2023 14:36:28 package : core.ping --> position : Ping.get]
INFO : [16/Nov/2023 14:36:31 package : core.ping --> position : Ping.get]
INFO : [16/Nov/2023 14:36:42 package : core.ping --> position : Ping.get]
INFO : [16/Nov/2023 14:36:52 package : core.ping --> position : Ping.get]
INFO : [16/Nov/2023 14:37:37 package : core.ping --> position : Ping.get]
INFO : [16/Nov/2023 14:37:50 package : core.ping --> position : Ping.get]
INFO : [16/Nov/2023 14:38:00 package : core.ping --> position : Ping.get]
INFO : [16/Nov/2023 14:41:35 package : core.ping --> position : Ping.get]
