INFO : [16/Aug/2023 10:12:32 package : micro_storage_service.controller.controller --> position : UploadFileController.post]
INFO : [16/Aug/2023 10:13:45 package : micro_storage_service.controller.controller --> position : UploadFileController.post]
INFO : [16/Aug/2023 10:15:58 package : micro_storage_service.controller.controller --> position : UploadFileController.post]
INFO : [16/Aug/2023 10:17:12 package : micro_storage_service.controller.controller --> position : UploadFileController.post]
INFO : [16/Aug/2023 10:17:49 package : micro_storage_service.controller.controller --> position : FetchFileController.get]
ERROR : [16/Aug/2023 10:17:49 package : micro_storage_service.controller.controller --> position : FetchFileController.get --> exception : 'FetchFileController' object has no attribute '_fetchService']
INFO : [16/Aug/2023 10:18:31 package : micro_storage_service.controller.controller --> position : FetchFileController.get]
INFO : [16/Aug/2023 10:18:35 package : micro_storage_service.controller.controller --> position : FetchFileController.get]
INFO : [16/Aug/2023 10:19:34 package : micro_storage_service.controller.controller --> position : FetchFileController.get]
INFO : [16/Aug/2023 10:20:03 package : micro_storage_service.controller.controller --> position : FetchFileController.get]
INFO : [16/Aug/2023 10:20:43 package : micro_storage_service.controller.controller --> position : FetchFileController.get]
INFO : [16/Aug/2023 10:21:36 package : micro_storage_service.controller.controller --> position : FetchFileController.get]
INFO : [16/Aug/2023 10:22:06 package : micro_storage_service.controller.controller --> position : FetchFileController.get]
INFO : [16/Aug/2023 10:22:39 package : micro_storage_service.controller.controller --> position : FetchFileController.get]
INFO : [16/Aug/2023 10:22:59 package : micro_storage_service.controller.controller --> position : FetchFileController.get]
INFO : [16/Aug/2023 10:24:59 package : micro_storage_service.controller.controller --> position : FetchFileController.get]
INFO : [16/Aug/2023 10:25:18 package : micro_storage_service.controller.controller --> position : FetchFileController.get]
INFO : [16/Aug/2023 10:26:21 package : micro_storage_service.controller.controller --> position : FetchFileController.get]
INFO : [16/Aug/2023 10:27:37 package : micro_storage_service.controller.controller --> position : FetchFileController.get]
INFO : [16/Aug/2023 10:27:59 package : micro_storage_service.controller.controller --> position : FetchFileController.get]
INFO : [16/Aug/2023 10:28:17 package : micro_storage_service.controller.controller --> position : FetchFileController.get]
INFO : [16/Aug/2023 10:28:25 package : micro_storage_service.controller.controller --> position : FetchFileController.get]
INFO : [16/Aug/2023 10:29:50 package : micro_storage_service.controller.controller --> position : FetchFileController.get]
INFO : [16/Aug/2023 10:29:52 package : micro_storage_service.controller.controller --> position : FetchFileController.get]
INFO : [16/Aug/2023 10:29:53 package : micro_storage_service.controller.controller --> position : FetchFileController.get]
INFO : [16/Aug/2023 10:30:10 package : micro_storage_service.controller.controller --> position : FetchFileController.get]
INFO : [16/Aug/2023 10:31:03 package : micro_storage_service.controller.controller --> position : FetchFileController.get]
INFO : [16/Aug/2023 10:31:06 package : micro_storage_service.controller.controller --> position : FetchFileController.get]
INFO : [16/Aug/2023 10:31:11 package : micro_storage_service.controller.controller --> position : FetchFileController.get]
INFO : [16/Aug/2023 10:31:44 package : micro_storage_service.controller.controller --> position : FetchFileController.get]
INFO : [16/Aug/2023 10:31:49 package : micro_storage_service.controller.controller --> position : FetchFileController.get]
INFO : [16/Aug/2023 10:34:13 package : micro_storage_service.controller.controller --> position : FetchFileController.get]
INFO : [16/Aug/2023 10:34:29 package : micro_storage_service.controller.controller --> position : FetchFileController.get]
INFO : [16/Aug/2023 10:34:31 package : micro_storage_service.controller.controller --> position : FetchFileController.get]
INFO : [16/Aug/2023 10:34:40 package : micro_storage_service.controller.controller --> position : FetchFileController.get]
INFO : [16/Aug/2023 10:51:59 package : micro_storage_service.controller.controller --> position : FetchFileController.get]
INFO : [16/Aug/2023 10:52:00 package : micro_storage_service.controller.controller --> position : FetchFileController.get]
INFO : [16/Aug/2023 10:52:29 package : micro_storage_service.controller.controller --> position : FetchFileController.get]
INFO : [16/Aug/2023 10:52:47 package : micro_storage_service.controller.controller --> position : FetchFileController.get]
INFO : [16/Aug/2023 10:52:57 package : micro_storage_service.controller.controller --> position : FetchFileController.get]
INFO : [16/Aug/2023 10:54:26 package : micro_storage_service.controller.controller --> position : FetchFileController.get]
INFO : [16/Aug/2023 10:57:36 package : micro_storage_service.controller.controller --> position : UploadFileController.post]
INFO : [16/Aug/2023 10:57:55 package : micro_storage_service.controller.controller --> position : FetchFileController.get]
INFO : [16/Aug/2023 11:01:56 package : micro_storage_service.controller.controller --> position : UploadFileController.post]
INFO : [16/Aug/2023 11:28:49 package : micro_storage_service.controller.controller --> position : UploadFileController.post]
ERROR : [16/Aug/2023 11:28:49 package : micro_storage_service.controller.controller --> position : UploadFileController.post --> exception : Incorrect padding]
INFO : [16/Aug/2023 11:29:38 package : micro_storage_service.controller.controller --> position : UploadFileController.post]
ERROR : [16/Aug/2023 11:29:38 package : micro_storage_service.controller.controller --> position : UploadFileController.post --> exception : Incorrect padding]
INFO : [16/Aug/2023 11:30:06 package : micro_storage_service.controller.controller --> position : UploadFileController.post]
ERROR : [16/Aug/2023 11:30:06 package : micro_storage_service.controller.controller --> position : UploadFileController.post --> exception : Incorrect padding]
INFO : [16/Aug/2023 11:30:20 package : micro_storage_service.controller.controller --> position : UploadFileController.post]
INFO : [16/Aug/2023 11:34:59 package : micro_storage_service.controller.controller --> position : UploadFileController.post]
INFO : [16/Aug/2023 11:37:08 package : micro_storage_service.controller.controller --> position : UploadFileController.post]
INFO : [16/Aug/2023 11:37:39 package : micro_storage_service.controller.controller --> position : UploadFileController.post]
INFO : [16/Aug/2023 11:39:59 package : micro_storage_service.controller.controller --> position : UploadFileController.post]
INFO : [16/Aug/2023 12:27:09 package : micro_storage_service.controller.controller --> position : UploadFileController.post]
INFO : [16/Aug/2023 12:29:35 package : micro_storage_service.controller.controller --> position : UploadFileController.post]
INFO : [16/Aug/2023 12:36:21 package : micro_storage_service.controller.controller --> position : UploadFileController.post]
INFO : [16/Aug/2023 12:46:52 package : micro_storage_service.controller.controller --> position : UploadFileController.post]
INFO : [16/Aug/2023 12:57:05 package : micro_storage_service.controller.controller --> position : UploadFileController.post]
INFO : [16/Aug/2023 12:57:41 package : micro_storage_service.controller.controller --> position : FetchFileController.get]
INFO : [16/Aug/2023 12:58:41 package : micro_storage_service.controller.controller --> position : FetchFileController.get]
INFO : [16/Aug/2023 12:59:08 package : micro_storage_service.controller.controller --> position : FetchFileController.get]
INFO : [16/Aug/2023 12:59:56 package : micro_storage_service.controller.controller --> position : FetchFileController.get]
INFO : [16/Aug/2023 13:00:23 package : micro_storage_service.controller.controller --> position : FetchFileController.get]
INFO : [16/Aug/2023 13:00:34 package : micro_storage_service.controller.controller --> position : FetchFileController.get]
INFO : [16/Aug/2023 13:02:59 package : micro_storage_service.controller.controller --> position : FetchFileController.get]
INFO : [16/Aug/2023 13:03:09 package : micro_storage_service.controller.controller --> position : FetchFileController.get]
INFO : [16/Aug/2023 13:03:12 package : micro_storage_service.controller.controller --> position : FetchFileController.get]
INFO : [16/Aug/2023 13:03:13 package : micro_storage_service.controller.controller --> position : FetchFileController.get]
INFO : [16/Aug/2023 13:03:14 package : micro_storage_service.controller.controller --> position : FetchFileController.get]
INFO : [16/Aug/2023 13:03:37 package : micro_storage_service.controller.controller --> position : FetchFileController.get]
INFO : [16/Aug/2023 13:03:52 package : micro_storage_service.controller.controller --> position : FetchFileController.get]
INFO : [16/Aug/2023 13:07:56 package : micro_storage_service.controller.controller --> position : FetchFileController.get]
INFO : [16/Aug/2023 13:08:07 package : micro_storage_service.controller.controller --> position : FetchFileController.get]
INFO : [16/Aug/2023 13:08:34 package : micro_storage_service.controller.controller --> position : FetchFileController.get]
INFO : [16/Aug/2023 13:09:18 package : micro_storage_service.controller.controller --> position : FetchFileController.get]
INFO : [16/Aug/2023 13:09:19 package : micro_storage_service.controller.controller --> position : FetchFileController.get]
INFO : [16/Aug/2023 13:14:31 package : micro_storage_service.controller.controller --> position : FetchFileController.get]
INFO : [16/Aug/2023 13:14:54 package : micro_storage_service.controller.controller --> position : FetchFileController.get]
INFO : [16/Aug/2023 13:16:08 package : micro_storage_service.controller.controller --> position : FetchFileController.get]
INFO : [16/Aug/2023 13:16:08 package : micro_storage_service.controller.controller --> position : FetchFileController.get]
INFO : [16/Aug/2023 13:16:09 package : micro_storage_service.controller.controller --> position : FetchFileController.get]
INFO : [16/Aug/2023 13:16:09 package : micro_storage_service.controller.controller --> position : FetchFileController.get]
INFO : [16/Aug/2023 13:16:09 package : micro_storage_service.controller.controller --> position : FetchFileController.get]
INFO : [16/Aug/2023 13:16:10 package : micro_storage_service.controller.controller --> position : FetchFileController.get]
INFO : [16/Aug/2023 13:16:10 package : micro_storage_service.controller.controller --> position : FetchFileController.get]
INFO : [16/Aug/2023 13:16:10 package : micro_storage_service.controller.controller --> position : FetchFileController.get]
INFO : [16/Aug/2023 13:17:25 package : micro_storage_service.controller.controller --> position : FetchFileController.get]
INFO : [16/Aug/2023 13:17:26 package : micro_storage_service.controller.controller --> position : FetchFileController.get]
INFO : [16/Aug/2023 13:17:26 package : micro_storage_service.controller.controller --> position : FetchFileController.get]
INFO : [16/Aug/2023 13:17:26 package : micro_storage_service.controller.controller --> position : FetchFileController.get]
INFO : [16/Aug/2023 13:17:26 package : micro_storage_service.controller.controller --> position : FetchFileController.get]
INFO : [16/Aug/2023 13:17:26 package : micro_storage_service.controller.controller --> position : FetchFileController.get]
INFO : [16/Aug/2023 13:17:27 package : micro_storage_service.controller.controller --> position : FetchFileController.get]
INFO : [16/Aug/2023 13:17:27 package : micro_storage_service.controller.controller --> position : FetchFileController.get]
INFO : [16/Aug/2023 13:17:27 package : micro_storage_service.controller.controller --> position : FetchFileController.get]
INFO : [16/Aug/2023 13:17:27 package : micro_storage_service.controller.controller --> position : FetchFileController.get]
INFO : [16/Aug/2023 13:17:27 package : micro_storage_service.controller.controller --> position : FetchFileController.get]
INFO : [16/Aug/2023 13:17:27 package : micro_storage_service.controller.controller --> position : FetchFileController.get]
INFO : [16/Aug/2023 19:17:37 package : micro_storage_service.controller.controller --> position : UploadFileController.post]
ERROR : [16/Aug/2023 19:17:37 package : micro_storage_service.controller.controller --> position : UploadFileController.post --> exception : table micro_storage_service_file has no column named music_file_uri]
INFO : [16/Aug/2023 19:19:37 package : micro_storage_service.controller.controller --> position : UploadFileController.post]
INFO : [16/Aug/2023 19:22:05 package : micro_storage_service.controller.controller --> position : FetchFileController.get]
INFO : [16/Aug/2023 19:22:21 package : micro_storage_service.controller.controller --> position : FetchFileController.get]
INFO : [16/Aug/2023 19:23:05 package : micro_storage_service.controller.controller --> position : FetchFileController.get]
INFO : [16/Aug/2023 19:23:22 package : micro_storage_service.controller.controller --> position : FetchFileController.get]
INFO : [16/Aug/2023 19:29:25 package : micro_storage_service.controller.controller --> position : UploadFileController.post]
INFO : [16/Aug/2023 19:30:28 package : micro_storage_service.controller.controller --> position : UploadFileController.post]
INFO : [16/Aug/2023 19:54:43 package : micro_storage_service.controller.controller --> position : UploadFileController.post]
INFO : [16/Aug/2023 19:55:52 package : micro_storage_service.controller.controller --> position : UploadFileController.post]
INFO : [16/Aug/2023 20:00:30 package : micro_storage_service.controller.controller --> position : UploadFileController.post]
INFO : [16/Aug/2023 20:03:06 package : micro_storage_service.controller.controller --> position : UploadFileController.post]
INFO : [16/Aug/2023 20:03:51 package : micro_storage_service.controller.controller --> position : UploadFileController.post]
INFO : [16/Aug/2023 20:04:45 package : micro_storage_service.controller.controller --> position : UploadFileController.post]
INFO : [16/Aug/2023 20:05:30 package : micro_storage_service.controller.controller --> position : UploadFileController.post]
INFO : [16/Aug/2023 20:10:43 package : micro_storage_service.controller.controller --> position : UploadFileController.post]
INFO : [16/Aug/2023 20:16:05 package : micro_storage_service.controller.controller --> position : UploadFileController.post]
INFO : [16/Aug/2023 20:46:31 package : micro_storage_service.controller.controller --> position : UploadFileController.post]
INFO : [16/Aug/2023 20:48:46 package : micro_storage_service.controller.controller --> position : UploadFileController.post]
INFO : [16/Aug/2023 20:51:18 package : micro_storage_service.controller.controller --> position : UploadFileController.post]
INFO : [16/Aug/2023 21:21:47 package : micro_storage_service.controller.controller --> position : UploadFileController.post]
INFO : [16/Aug/2023 21:22:22 package : micro_storage_service.controller.controller --> position : UploadFileController.post]
ERROR : [16/Aug/2023 21:22:22 package : micro_storage_service.controller.controller --> position : UploadFileController.post --> exception : already a file is exists with same name!]
INFO : [16/Aug/2023 21:23:19 package : micro_storage_service.controller.controller --> position : UploadFileController.post]
