INFO : [13/Aug/2023 19:24:04 package : micro_storage_service.controller.storageController --> position : UploadFileController.post]
ERROR : [13/Aug/2023 19:24:04 package : micro_storage_service.controller.storageController --> position : UploadFileController.post --> exception : 'music_filename']
INFO : [13/Aug/2023 19:24:13 package : micro_storage_service.controller.storageController --> position : UploadFileController.post]
ERROR : [13/Aug/2023 19:24:13 package : micro_storage_service.controller.storageController --> position : UploadFileController.post --> exception : 'music_filename']
INFO : [13/Aug/2023 19:26:03 package : micro_storage_service.controller.storageController --> position : UploadFileController.post]
ERROR : [13/Aug/2023 19:26:03 package : micro_storage_service.controller.storageController --> position : UploadFileController.post --> exception : 'UploadRepo' object has no attribute 'music_cover_filename']
INFO : [13/Aug/2023 19:28:24 package : micro_storage_service.controller.storageController --> position : UploadFileController.post]
INFO : [13/Aug/2023 19:28:40 package : micro_storage_service.controller.storageController --> position : UploadFileController.post]
INFO : [13/Aug/2023 19:31:20 package : micro_storage_service.controller.storageController --> position : UploadFileController.post]
ERROR : [13/Aug/2023 19:31:20 package : micro_storage_service.controller.storageController --> position : UploadFileController.post --> exception : __new__() got an unexpected keyword argument 'request']
INFO : [13/Aug/2023 19:33:19 package : micro_storage_service.controller.storageController --> position : UploadFileController.post]
INFO : [13/Aug/2023 19:33:25 package : micro_storage_service.controller.storageController --> position : UploadFileController.post]
INFO : [13/Aug/2023 19:33:58 package : micro_storage_service.controller.storageController --> position : UploadFileController.post]
INFO : [13/Aug/2023 19:34:03 package : micro_storage_service.controller.storageController --> position : UploadFileController.post]
INFO : [13/Aug/2023 19:34:07 package : micro_storage_service.controller.storageController --> position : UploadFileController.post]
INFO : [13/Aug/2023 19:34:11 package : micro_storage_service.controller.storageController --> position : UploadFileController.post]
INFO : [13/Aug/2023 19:40:11 package : micro_storage_service.controller.storageController --> position : UploadFileController.post]
INFO : [13/Aug/2023 19:40:43 package : micro_storage_service.controller.storageController --> position : UploadFileController.post]
INFO : [13/Aug/2023 19:41:32 package : micro_storage_service.controller.storageController --> position : UploadFileController.post]
INFO : [13/Aug/2023 19:42:09 package : micro_storage_service.controller.storageController --> position : UploadFileController.post]
INFO : [13/Aug/2023 19:42:58 package : micro_storage_service.controller.storageController --> position : UploadFileController.post]
INFO : [13/Aug/2023 19:47:07 package : micro_storage_service.controller.storageController --> position : UploadFileController.post]
INFO : [13/Aug/2023 19:47:25 package : micro_storage_service.controller.storageController --> position : UploadFileController.post]
INFO : [13/Aug/2023 19:47:55 package : micro_storage_service.controller.storageController --> position : UploadFileController.post]
INFO : [13/Aug/2023 19:48:34 package : micro_storage_service.controller.storageController --> position : UploadFileController.post]
ERROR : [13/Aug/2023 19:48:34 package : micro_storage_service.controller.storageController --> position : UploadFileController.post --> exception : 'NoneType' object has no attribute 'process']
INFO : [13/Aug/2023 19:49:37 package : micro_storage_service.controller.storageController --> position : UploadFileController.post]
INFO : [13/Aug/2023 19:50:09 package : micro_storage_service.controller.storageController --> position : UploadFileController.post]
INFO : [13/Aug/2023 19:52:53 package : micro_storage_service.controller.storageController --> position : UploadFileController.post]
INFO : [13/Aug/2023 19:53:16 package : micro_storage_service.controller.storageController --> position : UploadFileController.post]
INFO : [13/Aug/2023 19:53:45 package : micro_storage_service.controller.storageController --> position : UploadFileController.post]
INFO : [13/Aug/2023 19:54:31 package : micro_storage_service.controller.storageController --> position : UploadFileController.post]
INFO : [13/Aug/2023 19:55:34 package : micro_storage_service.controller.storageController --> position : UploadFileController.post]
INFO : [13/Aug/2023 19:55:56 package : micro_storage_service.controller.storageController --> position : UploadFileController.post]
INFO : [13/Aug/2023 19:55:57 package : micro_storage_service.controller.storageController --> position : UploadFileController.post]
INFO : [13/Aug/2023 19:56:19 package : micro_storage_service.controller.storageController --> position : UploadFileController.post]
INFO : [13/Aug/2023 20:10:45 package : micro_storage_service.controller.storageController --> position : UploadFileController.post]
ERROR : [13/Aug/2023 20:10:45 package : micro_storage_service.controller.storageController --> position : UploadFileController.post --> exception : 'UploadRepo' object has no attribute 'music_cover_filename']
INFO : [13/Aug/2023 20:12:07 package : micro_storage_service.controller.storageController --> position : UploadFileController.post]
INFO : [13/Aug/2023 20:12:26 package : micro_storage_service.controller.storageController --> position : UploadFileController.post]
INFO : [13/Aug/2023 20:14:55 package : micro_storage_service.controller.storageController --> position : UploadFileController.post]
INFO : [13/Aug/2023 20:15:33 package : micro_storage_service.controller.storageController --> position : UploadFileController.post]
INFO : [13/Aug/2023 20:16:58 package : micro_storage_service.controller.storageController --> position : UploadFileController.post]
INFO : [13/Aug/2023 20:17:05 package : micro_storage_service.controller.storageController --> position : UploadFileController.post]
INFO : [13/Aug/2023 20:17:46 package : micro_storage_service.controller.storageController --> position : UploadFileController.post]
INFO : [13/Aug/2023 20:19:49 package : micro_storage_service.controller.storageController --> position : UploadFileController.post]
INFO : [13/Aug/2023 20:21:59 package : micro_storage_service.controller.storageController --> position : UploadFileController.post]
INFO : [13/Aug/2023 20:22:09 package : micro_storage_service.controller.storageController --> position : UploadFileController.post]
INFO : [13/Aug/2023 20:30:03 package : micro_storage_service.controller.storageController --> position : UploadFileController.post]
INFO : [13/Aug/2023 20:32:38 package : micro_storage_service.controller.storageController --> position : UploadFileController.post]
ERROR : [13/Aug/2023 20:32:38 package : micro_storage_service.controller.storageController --> position : UploadFileController.post --> exception : __new__() got an unexpected keyword argument 'request']
INFO : [13/Aug/2023 20:33:20 package : micro_storage_service.controller.storageController --> position : UploadFileController.post]
ERROR : [13/Aug/2023 20:33:20 package : micro_storage_service.controller.storageController --> position : UploadFileController.post --> exception : __new__() got an unexpected keyword argument 'request']
INFO : [13/Aug/2023 20:34:27 package : micro_storage_service.controller.storageController --> position : UploadFileController.post]
INFO : [13/Aug/2023 20:34:36 package : micro_storage_service.controller.storageController --> position : UploadFileController.post]
