INFO : [14/Aug/2023 08:44:58 package : micro_storage_service.controller.storageController --> position : UploadFileController.post]
ERROR : [14/Aug/2023 08:44:58 package : micro_storage_service.controller.storageController --> position : UploadFileController.post --> exception : 'UploadService' object has no attribute 'id']
INFO : [14/Aug/2023 08:45:35 package : micro_storage_service.controller.storageController --> position : UploadFileController.post]
ERROR : [14/Aug/2023 08:45:35 package : micro_storage_service.controller.storageController --> position : UploadFileController.post --> exception : 'UploadService' object has no attribute 'request']
INFO : [14/Aug/2023 08:45:58 package : micro_storage_service.controller.storageController --> position : UploadFileController.post]
INFO : [14/Aug/2023 08:46:04 package : micro_storage_service.controller.storageController --> position : UploadFileController.post]
INFO : [14/Aug/2023 09:51:53 package : micro_storage_service.controller.storageController --> position : UploadFileController.post]
ERROR : [14/Aug/2023 09:51:53 package : micro_storage_service.controller.storageController --> position : UploadFileController.post --> exception : micro_storage_service.DTO.uploadDto.WriteFileDTO() argument after ** must be a mapping, not Request]
INFO : [14/Aug/2023 09:52:40 package : micro_storage_service.controller.storageController --> position : UploadFileController.post]
ERROR : [14/Aug/2023 09:52:40 package : micro_storage_service.controller.storageController --> position : UploadFileController.post --> exception : __init__() got an unexpected keyword argument 'request']
INFO : [14/Aug/2023 09:53:48 package : micro_storage_service.controller.storageController --> position : UploadFileController.post]
ERROR : [14/Aug/2023 09:53:48 package : micro_storage_service.controller.storageController --> position : UploadFileController.post --> exception : cannot assign to field 'music_filename']
INFO : [14/Aug/2023 10:01:30 package : micro_storage_service.controller.storageController --> position : UploadFileController.post]
ERROR : [14/Aug/2023 10:01:30 package : micro_storage_service.controller.storageController --> position : UploadFileController.post --> exception : cannot assign to field 'music_filename']
INFO : [14/Aug/2023 10:02:30 package : micro_storage_service.controller.storageController --> position : UploadFileController.post]
ERROR : [14/Aug/2023 10:02:30 package : micro_storage_service.controller.storageController --> position : UploadFileController.post --> exception : cannot assign to field 'music_filename']
INFO : [14/Aug/2023 10:03:01 package : micro_storage_service.controller.storageController --> position : UploadFileController.post]
ERROR : [14/Aug/2023 10:03:01 package : micro_storage_service.controller.storageController --> position : UploadFileController.post --> exception : cannot assign to field 'music_filename']
INFO : [14/Aug/2023 10:10:09 package : micro_storage_service.controller.storageController --> position : UploadFileController.post]
ERROR : [14/Aug/2023 10:10:09 package : micro_storage_service.controller.storageController --> position : UploadFileController.post --> exception : cannot assign to field 'music_filename']
INFO : [14/Aug/2023 10:22:40 package : micro_storage_service.controller.storageController --> position : UploadFileController.post]
INFO : [14/Aug/2023 10:26:22 package : micro_storage_service.controller.storageController --> position : UploadFileController.post]
INFO : [14/Aug/2023 10:26:46 package : micro_storage_service.controller.storageController --> position : UploadFileController.post]
INFO : [14/Aug/2023 10:27:19 package : micro_storage_service.controller.storageController --> position : UploadFileController.post]
INFO : [14/Aug/2023 10:27:48 package : micro_storage_service.controller.storageController --> position : UploadFileController.post]
INFO : [14/Aug/2023 10:28:31 package : micro_storage_service.controller.storageController --> position : UploadFileController.post]
INFO : [14/Aug/2023 10:28:44 package : micro_storage_service.controller.storageController --> position : UploadFileController.post]
INFO : [14/Aug/2023 10:29:33 package : micro_storage_service.controller.storageController --> position : UploadFileController.post]
INFO : [14/Aug/2023 10:29:57 package : micro_storage_service.controller.storageController --> position : UploadFileController.post]
INFO : [14/Aug/2023 10:30:21 package : micro_storage_service.controller.storageController --> position : UploadFileController.post]
INFO : [14/Aug/2023 10:35:07 package : micro_storage_service.controller.storageController --> position : UploadFileController.post]
INFO : [14/Aug/2023 10:35:48 package : micro_storage_service.controller.storageController --> position : UploadFileController.post]
INFO : [14/Aug/2023 10:51:09 package : micro_storage_service.controller.storageController --> position : UploadFileController.post]
INFO : [14/Aug/2023 11:17:38 package : micro_storage_service.controller.storageController --> position : UploadFileController.post]
INFO : [14/Aug/2023 11:18:03 package : micro_storage_service.controller.storageController --> position : UploadFileController.post]
INFO : [14/Aug/2023 11:18:10 package : micro_storage_service.controller.storageController --> position : UploadFileController.post]
INFO : [14/Aug/2023 11:19:46 package : micro_storage_service.controller.storageController --> position : UploadFileController.post]
INFO : [14/Aug/2023 11:19:57 package : micro_storage_service.controller.storageController --> position : UploadFileController.post]
INFO : [14/Aug/2023 11:34:56 package : micro_storage_service.controller.storageController --> position : UploadFileController.post]
ERROR : [14/Aug/2023 11:34:56 package : micro_storage_service.controller.storageController --> position : UploadFileController.post --> exception : 'DbDTO' object is not iterable]
INFO : [14/Aug/2023 11:36:51 package : micro_storage_service.controller.storageController --> position : UploadFileController.post]
ERROR : [14/Aug/2023 11:36:51 package : micro_storage_service.controller.storageController --> position : UploadFileController.post --> exception : cannot pickle '_io.BufferedReader' object]
INFO : [14/Aug/2023 11:37:18 package : micro_storage_service.controller.storageController --> position : UploadFileController.post]
ERROR : [14/Aug/2023 11:37:18 package : micro_storage_service.controller.storageController --> position : UploadFileController.post --> exception : cannot pickle '_io.BufferedReader' object]
INFO : [14/Aug/2023 11:39:02 package : micro_storage_service.controller.storageController --> position : UploadFileController.post]
INFO : [14/Aug/2023 11:41:02 package : micro_storage_service.controller.storageController --> position : UploadFileController.post]
ERROR : [14/Aug/2023 11:41:02 package : micro_storage_service.controller.storageController --> position : UploadFileController.post --> exception : 'DbDTO' object is not iterable]
INFO : [14/Aug/2023 11:41:47 package : micro_storage_service.controller.storageController --> position : UploadFileController.post]
INFO : [14/Aug/2023 11:42:41 package : micro_storage_service.controller.storageController --> position : UploadFileController.post]
INFO : [14/Aug/2023 11:43:53 package : micro_storage_service.controller.storageController --> position : UploadFileController.post]
INFO : [14/Aug/2023 11:45:56 package : micro_storage_service.controller.storageController --> position : UploadFileController.post]
INFO : [14/Aug/2023 11:47:21 package : micro_storage_service.controller.storageController --> position : UploadFileController.post]
INFO : [14/Aug/2023 11:50:21 package : micro_storage_service.controller.storageController --> position : UploadFileController.post]
INFO : [14/Aug/2023 11:51:23 package : micro_storage_service.controller.storageController --> position : UploadFileController.post]
INFO : [14/Aug/2023 12:21:18 package : micro_storage_service.controller.storageController --> position : UploadFileController.post]
INFO : [14/Aug/2023 12:37:56 package : micro_storage_service.controller.storageController --> position : UploadFileController.post]
INFO : [14/Aug/2023 20:55:29 package : micro_storage_service.controller.storageController --> position : UploadFileController.post]
ERROR : [14/Aug/2023 20:55:30 package : micro_storage_service.controller.storageController --> position : UploadFileController.post --> exception : 6 validation errors for UploadAPI
music_filename
  field required (type=value_error.missing)
music_obj
  field required (type=value_error.missing)
music_cover_filename
  field required (type=value_error.missing)
musicCover_obj
  field required (type=value_error.missing)
artist_name
  field required (type=value_error.missing)
desc
  field required (type=value_error.missing)]
INFO : [14/Aug/2023 21:04:04 package : micro_storage_service.controller.storageController --> position : UploadFileController.post]
ERROR : [14/Aug/2023 21:04:04 package : micro_storage_service.controller.storageController --> position : UploadFileController.post --> exception : 6 validation errors for UploadAPI
music_filename
  field required (type=value_error.missing)
music_obj
  field required (type=value_error.missing)
music_cover_filename
  field required (type=value_error.missing)
musicCover_obj
  field required (type=value_error.missing)
artist_name
  field required (type=value_error.missing)
desc
  field required (type=value_error.missing)]
INFO : [14/Aug/2023 21:20:24 package : micro_storage_service.controller.storageController --> position : UploadFileController.post]
ERROR : [14/Aug/2023 21:20:24 package : micro_storage_service.controller.storageController --> position : UploadFileController.post --> exception : 6 validation errors for UploadAPI
music_filename
  field required (type=value_error.missing)
music_obj
  field required (type=value_error.missing)
music_cover_filename
  field required (type=value_error.missing)
musicCover_obj
  field required (type=value_error.missing)
artist_name
  field required (type=value_error.missing)
desc
  field required (type=value_error.missing)]
INFO : [14/Aug/2023 21:25:58 package : micro_storage_service.controller.storageController --> position : UploadFileController.post]
ERROR : [14/Aug/2023 21:25:58 package : micro_storage_service.controller.storageController --> position : UploadFileController.post --> exception : 6 validation errors for UploadAPI
music_filename
  field required (type=value_error.missing)
music_obj
  field required (type=value_error.missing)
music_cover_filename
  field required (type=value_error.missing)
musicCover_obj
  field required (type=value_error.missing)
artist_name
  field required (type=value_error.missing)
desc
  field required (type=value_error.missing)]
INFO : [14/Aug/2023 21:26:30 package : micro_storage_service.controller.storageController --> position : UploadFileController.post]
ERROR : [14/Aug/2023 21:26:30 package : micro_storage_service.controller.storageController --> position : UploadFileController.post --> exception : 6 validation errors for UploadAPI
music_filename
  field required (type=value_error.missing)
music_obj
  field required (type=value_error.missing)
music_cover_filename
  field required (type=value_error.missing)
musicCover_obj
  field required (type=value_error.missing)
artist_name
  field required (type=value_error.missing)
desc
  field required (type=value_error.missing)]
INFO : [14/Aug/2023 21:27:04 package : micro_storage_service.controller.storageController --> position : UploadFileController.post]
ERROR : [14/Aug/2023 21:27:04 package : micro_storage_service.controller.storageController --> position : UploadFileController.post --> exception : 6 validation errors for UploadAPI
music_filename
  field required (type=value_error.missing)
music_obj
  field required (type=value_error.missing)
music_cover_filename
  field required (type=value_error.missing)
musicCover_obj
  field required (type=value_error.missing)
artist_name
  field required (type=value_error.missing)
desc
  field required (type=value_error.missing)]
INFO : [14/Aug/2023 22:03:40 package : micro_storage_service.controller.storageController --> position : UploadFileController.post]
ERROR : [14/Aug/2023 22:03:40 package : micro_storage_service.controller.storageController --> position : UploadFileController.post --> exception : 6 validation errors for UploadAPI
music_filename
  field required (type=value_error.missing)
music_obj
  field required (type=value_error.missing)
music_cover_filename
  field required (type=value_error.missing)
musicCover_obj
  field required (type=value_error.missing)
artist_name
  field required (type=value_error.missing)
desc
  field required (type=value_error.missing)]
INFO : [14/Aug/2023 22:05:12 package : micro_storage_service.controller.storageController --> position : UploadFileController.post]
ERROR : [14/Aug/2023 22:05:12 package : micro_storage_service.controller.storageController --> position : UploadFileController.post --> exception : 6 validation errors for UploadAPI
music_filename
  field required (type=value_error.missing)
music_obj
  field required (type=value_error.missing)
music_cover_filename
  field required (type=value_error.missing)
musicCover_obj
  field required (type=value_error.missing)
artist_name
  field required (type=value_error.missing)
desc
  field required (type=value_error.missing)]
INFO : [14/Aug/2023 22:49:05 package : micro_storage_service.controller.storageController --> position : UploadFileController.post]
ERROR : [14/Aug/2023 22:49:05 package : micro_storage_service.controller.storageController --> position : UploadFileController.post --> exception : 6 validation errors for UploadAPI
music_filename
  field required (type=value_error.missing)
music_obj
  field required (type=value_error.missing)
music_cover_filename
  field required (type=value_error.missing)
musicCover_obj
  field required (type=value_error.missing)
artist_name
  field required (type=value_error.missing)
desc
  field required (type=value_error.missing)]
INFO : [14/Aug/2023 22:50:01 package : micro_storage_service.controller.storageController --> position : UploadFileController.post]
ERROR : [14/Aug/2023 22:50:01 package : micro_storage_service.controller.storageController --> position : UploadFileController.post --> exception : 6 validation errors for UploadAPI
music_filename
  field required (type=value_error.missing)
music_obj
  field required (type=value_error.missing)
music_cover_filename
  field required (type=value_error.missing)
musicCover_obj
  field required (type=value_error.missing)
artist_name
  field required (type=value_error.missing)
desc
  field required (type=value_error.missing)]
INFO : [14/Aug/2023 22:52:27 package : micro_storage_service.controller.storageController --> position : UploadFileController.post]
ERROR : [14/Aug/2023 22:52:27 package : micro_storage_service.controller.storageController --> position : UploadFileController.post --> exception : 6 validation errors for UploadAPI
music_filename
  field required (type=value_error.missing)
music_obj
  field required (type=value_error.missing)
music_cover_filename
  field required (type=value_error.missing)
musicCover_obj
  field required (type=value_error.missing)
artist_name
  field required (type=value_error.missing)
desc
  field required (type=value_error.missing)]
INFO : [14/Aug/2023 22:53:25 package : micro_storage_service.controller.storageController --> position : UploadFileController.post]
ERROR : [14/Aug/2023 22:53:25 package : micro_storage_service.controller.storageController --> position : UploadFileController.post --> exception : 6 validation errors for UploadAPI
music_filename
  field required (type=value_error.missing)
music_obj
  field required (type=value_error.missing)
music_cover_filename
  field required (type=value_error.missing)
musicCover_obj
  field required (type=value_error.missing)
artist_name
  field required (type=value_error.missing)
desc
  field required (type=value_error.missing)]
INFO : [14/Aug/2023 22:54:16 package : micro_storage_service.controller.storageController --> position : UploadFileController.post]
ERROR : [14/Aug/2023 22:54:16 package : micro_storage_service.controller.storageController --> position : UploadFileController.post --> exception : 6 validation errors for UploadAPI
music_filename
  field required (type=value_error.missing)
music_obj
  field required (type=value_error.missing)
music_cover_filename
  field required (type=value_error.missing)
musicCover_obj
  field required (type=value_error.missing)
artist_name
  field required (type=value_error.missing)
desc
  field required (type=value_error.missing)]
INFO : [14/Aug/2023 22:55:51 package : micro_storage_service.controller.storageController --> position : UploadFileController.post]
ERROR : [14/Aug/2023 22:55:51 package : micro_storage_service.controller.storageController --> position : UploadFileController.post --> exception : 6 validation errors for UploadAPI
music_filename
  field required (type=value_error.missing)
music_obj
  field required (type=value_error.missing)
music_cover_filename
  field required (type=value_error.missing)
musicCover_obj
  field required (type=value_error.missing)
artist_name
  field required (type=value_error.missing)
desc
  field required (type=value_error.missing)]
INFO : [14/Aug/2023 22:56:49 package : micro_storage_service.controller.storageController --> position : UploadFileController.post]
ERROR : [14/Aug/2023 22:56:49 package : micro_storage_service.controller.storageController --> position : UploadFileController.post --> exception : 6 validation errors for UploadAPI
music_filename
  field required (type=value_error.missing)
music_obj
  field required (type=value_error.missing)
music_cover_filename
  field required (type=value_error.missing)
musicCover_obj
  field required (type=value_error.missing)
artist_name
  field required (type=value_error.missing)
desc
  field required (type=value_error.missing)]
INFO : [14/Aug/2023 22:59:38 package : micro_storage_service.controller.storageController --> position : UploadFileController.post]
ERROR : [14/Aug/2023 22:59:38 package : micro_storage_service.controller.storageController --> position : UploadFileController.post --> exception : 6 validation errors for UploadAPI
music_filename
  field required (type=value_error.missing)
music_fileobj
  field required (type=value_error.missing)
music_cover_filename
  field required (type=value_error.missing)
music_cover_fileobj
  field required (type=value_error.missing)
artist_name
  field required (type=value_error.missing)
desc
  field required (type=value_error.missing)]
INFO : [14/Aug/2023 23:00:43 package : micro_storage_service.controller.storageController --> position : UploadFileController.post]
ERROR : [14/Aug/2023 23:00:43 package : micro_storage_service.controller.storageController --> position : UploadFileController.post --> exception : 6 validation errors for UploadAPI
music_filename
  field required (type=value_error.missing)
music_fileobj
  field required (type=value_error.missing)
music_cover_filename
  field required (type=value_error.missing)
music_cover_fileobj
  field required (type=value_error.missing)
artist_name
  field required (type=value_error.missing)
desc
  field required (type=value_error.missing)]
INFO : [14/Aug/2023 23:04:39 package : micro_storage_service.controller.storageController --> position : UploadFileController.post]
ERROR : [14/Aug/2023 23:04:39 package : micro_storage_service.controller.storageController --> position : UploadFileController.post --> exception : "UploadAPI" object has no field "music_obj"]
INFO : [14/Aug/2023 23:07:09 package : micro_storage_service.controller.storageController --> position : UploadFileController.post]
ERROR : [14/Aug/2023 23:07:09 package : micro_storage_service.controller.storageController --> position : UploadFileController.post --> exception : [Errno 2] No such file or directory: 'media/aa.mp3']
INFO : [14/Aug/2023 23:07:57 package : micro_storage_service.controller.storageController --> position : UploadFileController.post]
ERROR : [14/Aug/2023 23:07:57 package : micro_storage_service.controller.storageController --> position : UploadFileController.post --> exception : [Errno 2] No such file or directory: 'media/aa.mp3']
INFO : [14/Aug/2023 23:10:36 package : micro_storage_service.controller.storageController --> position : UploadFileController.post]
ERROR : [14/Aug/2023 23:10:36 package : micro_storage_service.controller.storageController --> position : UploadFileController.post --> exception : [Errno 2] No such file or directory: 'media/aa.mp3']
INFO : [14/Aug/2023 23:11:53 package : micro_storage_service.controller.storageController --> position : UploadFileController.post]
ERROR : [14/Aug/2023 23:11:53 package : micro_storage_service.controller.storageController --> position : UploadFileController.post --> exception : [Errno 2] No such file or directory: 'media/aa.mp3']
INFO : [14/Aug/2023 23:12:34 package : micro_storage_service.controller.storageController --> position : UploadFileController.post]
ERROR : [14/Aug/2023 23:12:34 package : micro_storage_service.controller.storageController --> position : UploadFileController.post --> exception : [Errno 2] No such file or directory: 'media/aa.mp3']
INFO : [14/Aug/2023 23:17:28 package : micro_storage_service.controller.storageController --> position : UploadFileController.post]
ERROR : [14/Aug/2023 23:17:28 package : micro_storage_service.controller.storageController --> position : UploadFileController.post --> exception : 'SaveToDBRepo' object has no attribute 'saveDB']
INFO : [14/Aug/2023 23:18:02 package : micro_storage_service.controller.storageController --> position : UploadFileController.post]
ERROR : [14/Aug/2023 23:18:02 package : micro_storage_service.controller.storageController --> position : UploadFileController.post --> exception : [Errno 2] No such file or directory: 'media/aa.mp3']
INFO : [14/Aug/2023 23:19:51 package : micro_storage_service.controller.storageController --> position : UploadFileController.post]
INFO : [14/Aug/2023 23:21:02 package : micro_storage_service.controller.storageController --> position : UploadFileController.post]
ERROR : [14/Aug/2023 23:21:02 package : micro_storage_service.controller.storageController --> position : UploadFileController.post --> exception : [Errno 2] No such file or directory: 'media/aa.mp3']
INFO : [14/Aug/2023 23:22:46 package : micro_storage_service.controller.storageController --> position : UploadFileController.post]
ERROR : [14/Aug/2023 23:22:46 package : micro_storage_service.controller.storageController --> position : UploadFileController.post --> exception : [Errno 2] No such file or directory: 'media/aa.mp3']
INFO : [14/Aug/2023 23:23:28 package : micro_storage_service.controller.storageController --> position : UploadFileController.post]
ERROR : [14/Aug/2023 23:23:28 package : micro_storage_service.controller.storageController --> position : UploadFileController.post --> exception : [Errno 2] No such file or directory: 'media/aa.mp3']
INFO : [14/Aug/2023 23:26:05 package : micro_storage_service.controller.storageController --> position : UploadFileController.post]
ERROR : [14/Aug/2023 23:26:05 package : micro_storage_service.controller.storageController --> position : UploadFileController.post --> exception : [Errno 2] No such file or directory: 'media/aa.mp3']
INFO : [14/Aug/2023 23:26:49 package : micro_storage_service.controller.storageController --> position : UploadFileController.post]
ERROR : [14/Aug/2023 23:26:49 package : micro_storage_service.controller.storageController --> position : UploadFileController.post --> exception : [Errno 2] No such file or directory: 'media/aa.mp3']
