INFO : [11/Aug/2023 20:06:05 package : micro_storage_service.controller.storageController --> position : UploadFileController.post]
ERROR : [11/Aug/2023 20:06:05 package : micro_storage_service.controller.storageController --> position : UploadFileController.post --> exception : list index out of range]
INFO : [11/Aug/2023 20:08:00 package : micro_storage_service.controller.storageController --> position : UploadFileController.post]
ERROR : [11/Aug/2023 20:08:00 package : micro_storage_service.controller.storageController --> position : UploadFileController.post --> exception : list index out of range]
INFO : [11/Aug/2023 20:09:12 package : micro_storage_service.controller.storageController --> position : UploadFileController.post]
ERROR : [11/Aug/2023 20:09:12 package : micro_storage_service.controller.storageController --> position : UploadFileController.post --> exception : list index out of range]
INFO : [11/Aug/2023 20:10:32 package : micro_storage_service.controller.storageController --> position : UploadFileController.post]
INFO : [11/Aug/2023 20:11:03 package : micro_storage_service.controller.storageController --> position : FetchFileController.get]
ERROR : [11/Aug/2023 20:11:03 package : micro_storage_service.controller.storageController --> position : FetchFileController.get --> exception : File matching query does not exist.]
INFO : [11/Aug/2023 20:12:00 package : micro_storage_service.controller.storageController --> position : FetchFileController.get]
ERROR : [11/Aug/2023 20:12:00 package : micro_storage_service.controller.storageController --> position : FetchFileController.get --> exception : File matching query does not exist.]
INFO : [11/Aug/2023 20:16:18 package : micro_storage_service.controller.storageController --> position : UploadFileController.post]
ERROR : [11/Aug/2023 20:16:18 package : micro_storage_service.controller.storageController --> position : UploadFileController.post --> exception : 'UploadService' object has no attribute 'image_filename']
INFO : [11/Aug/2023 20:19:23 package : micro_storage_service.controller.storageController --> position : UploadFileController.post]
ERROR : [11/Aug/2023 20:19:23 package : micro_storage_service.controller.storageController --> position : UploadFileController.post --> exception : 'UploadService' object has no attribute 'image_filename']
INFO : [11/Aug/2023 20:20:39 package : micro_storage_service.controller.storageController --> position : UploadFileController.post]
INFO : [11/Aug/2023 20:36:57 package : micro_storage_service.controller.storageController --> position : UploadFileController.post]
INFO : [11/Aug/2023 21:16:52 package : micro_storage_service.controller.storageController --> position : UploadFileController.post]
ERROR : [11/Aug/2023 21:16:52 package : micro_storage_service.controller.storageController --> position : UploadFileController.post --> exception : 'UploadRepo' object has no attribute 'uri']
INFO : [11/Aug/2023 21:19:17 package : micro_storage_service.controller.storageController --> position : UploadFileController.post]
ERROR : [11/Aug/2023 21:19:18 package : micro_storage_service.controller.storageController --> position : UploadFileController.post --> exception : 'UploadService' object has no attribute 'uri']
INFO : [11/Aug/2023 21:20:13 package : micro_storage_service.controller.storageController --> position : UploadFileController.post]
ERROR : [11/Aug/2023 21:20:13 package : micro_storage_service.controller.storageController --> position : UploadFileController.post --> exception : 'NoneType' object has no attribute 'uri']
INFO : [11/Aug/2023 21:22:00 package : micro_storage_service.controller.storageController --> position : UploadFileController.post]
ERROR : [11/Aug/2023 21:22:00 package : micro_storage_service.controller.storageController --> position : UploadFileController.post --> exception : 'NoneType' object has no attribute 'uri']
INFO : [11/Aug/2023 21:27:02 package : micro_storage_service.controller.storageController --> position : UploadFileController.post]
ERROR : [11/Aug/2023 21:27:02 package : micro_storage_service.controller.storageController --> position : UploadFileController.post --> exception : 'UploadService' object has no attribute 'uploadrepo']
INFO : [11/Aug/2023 21:27:27 package : micro_storage_service.controller.storageController --> position : UploadFileController.post]
ERROR : [11/Aug/2023 21:27:27 package : micro_storage_service.controller.storageController --> position : UploadFileController.post --> exception : 'NoneType' object has no attribute 'uri']
INFO : [11/Aug/2023 21:28:30 package : micro_storage_service.controller.storageController --> position : UploadFileController.post]
ERROR : [11/Aug/2023 21:28:30 package : micro_storage_service.controller.storageController --> position : UploadFileController.post --> exception : 'NoneType' object has no attribute 'uri']
INFO : [11/Aug/2023 21:29:21 package : micro_storage_service.controller.storageController --> position : UploadFileController.post]
ERROR : [11/Aug/2023 21:29:21 package : micro_storage_service.controller.storageController --> position : UploadFileController.post --> exception : 'NoneType' object has no attribute 'uri']
INFO : [11/Aug/2023 21:29:37 package : micro_storage_service.controller.storageController --> position : UploadFileController.post]
ERROR : [11/Aug/2023 21:29:37 package : micro_storage_service.controller.storageController --> position : UploadFileController.post --> exception : 'NoneType' object has no attribute 'uri']
INFO : [11/Aug/2023 21:31:26 package : micro_storage_service.controller.storageController --> position : UploadFileController.post]
ERROR : [11/Aug/2023 21:31:26 package : micro_storage_service.controller.storageController --> position : UploadFileController.post --> exception : 'UploadService' object has no attribute 'uri']
INFO : [11/Aug/2023 21:32:04 package : micro_storage_service.controller.storageController --> position : UploadFileController.post]
ERROR : [11/Aug/2023 21:32:04 package : micro_storage_service.controller.storageController --> position : UploadFileController.post --> exception : 'UploadService' object has no attribute 'uri']
INFO : [11/Aug/2023 21:33:38 package : micro_storage_service.controller.storageController --> position : UploadFileController.post]
ERROR : [11/Aug/2023 21:33:38 package : micro_storage_service.controller.storageController --> position : UploadFileController.post --> exception : 'UploadService' object has no attribute 'uri']
INFO : [11/Aug/2023 21:35:57 package : micro_storage_service.controller.storageController --> position : UploadFileController.post]
ERROR : [11/Aug/2023 21:35:57 package : micro_storage_service.controller.storageController --> position : UploadFileController.post --> exception : 'UploadRepo' object has no attribute 'uri']
INFO : [11/Aug/2023 21:37:41 package : micro_storage_service.controller.storageController --> position : UploadFileController.post]
INFO : [11/Aug/2023 21:57:07 package : micro_storage_service.controller.storageController --> position : UploadFileController.post]
INFO : [11/Aug/2023 22:00:45 package : micro_storage_service.controller.storageController --> position : UploadFileController.post]
